Start testing: Apr 18 16:09 中国标准时间
----------------------------------------------------------
1/1 Testing: host_tests
1/1 Test: host_tests
Command: "D:/code/MCU/STM32G431CBT_MCU/build/tests/Debug/host_tests.exe"
Directory: D:/code/MCU/STM32G431CBT_MCU/build/tests
"host_tests" start time: Apr 18 16:09 中国标准时间
Output:
----------------------------------------------------------
[ RUN      ] adc_protocol
[     DONE ] adc_protocol
[ RUN      ] frame_protocol
[     DONE ] frame_protocol
[ RUN      ] usb_stream
[     DONE ] usb_stream
[ RUN      ] app_smoke
[     DONE ] app_smoke
[  PASSED  ] host tests
<end of output>
Test time =   0.01 sec
----------------------------------------------------------
Test Passed.
"host_tests" end time: Apr 18 16:09 中国标准时间
"host_tests" time elapsed: 00:00:00
----------------------------------------------------------

End testing: Apr 18 16:09 中国标准时间
